2014. 1. 22 오후 2:23:38 org.apache.catalina.core.ApplicationContext log
정보: Set web app root system property: 'nipa.build.admin.console.root' = [C:\Apache\tomcat\webapps\nipa.build.admin.console\]
2014. 1. 22 오후 2:23:38 org.apache.catalina.core.ApplicationContext log
정보: Initializing log4j from [C:\Apache\tomcat\webapps\nipa.build.admin.console\WEB-INF\config\log4j.xml]
2014. 1. 22 오후 2:23:40 org.apache.catalina.core.ApplicationContext log
정보: Initializing Spring FrameworkServlet 'dispatcher'
2014. 1. 22 오후 2:23:57 org.apache.catalina.core.ApplicationContext log
정보: Set web app root system property: 'nipa.build.engine.root' = [C:\Apache\tomcat\webapps\nipa.build.engine\]
2014. 1. 22 오후 2:23:57 org.apache.catalina.core.ApplicationContext log
정보: Initializing log4j from [C:\Apache\tomcat\webapps\nipa.build.engine\WEB-INF\config\log4j.xml]
2014. 1. 22 오후 2:23:57 org.apache.catalina.core.ApplicationContext log
정보: Initializing Spring root WebApplicationContext
2014. 1. 22 오후 2:24:14 org.apache.catalina.core.ApplicationContext log
정보: ContextListener: contextInitialized()
2014. 1. 22 오후 2:24:14 org.apache.catalina.core.ApplicationContext log
정보: SessionListener: contextInitialized()
2014. 1. 22 오후 6:13:37 org.apache.catalina.core.ApplicationContext log
정보: Closing Spring root WebApplicationContext
2014. 1. 22 오후 6:13:37 org.apache.catalina.core.ApplicationContext log
정보: Shutting down log4j
2014. 1. 22 오후 6:13:38 org.apache.catalina.core.ApplicationContext log
정보: Destroying Spring FrameworkServlet 'dispatcher'
2014. 1. 22 오후 6:13:38 org.apache.catalina.core.ApplicationContext log
정보: Shutting down log4j
2014. 1. 22 오후 6:13:40 org.apache.catalina.core.ApplicationContext log
정보: SessionListener: contextDestroyed()
2014. 1. 22 오후 6:13:40 org.apache.catalina.core.ApplicationContext log
정보: ContextListener: contextDestroyed()
