
2014-01-22 14:23:01 Commons Daemon procrun stderr initialized
2014. 1. 22 오후 2:23:19 org.apache.catalina.core.AprLifecycleListener init
정보: Loaded APR based Apache Tomcat Native library 1.1.20.
2014. 1. 22 오후 2:23:20 org.apache.catalina.core.AprLifecycleListener init
정보: APR capabilities: IPv6 [true], sendfile [true], accept filters [false], random [true].
2014. 1. 22 오후 2:23:28 org.apache.coyote.AbstractProtocolHandler init
정보: Initializing ProtocolHandler ["http-apr-8080"]
2014. 1. 22 오후 2:23:28 org.apache.coyote.AbstractProtocolHandler init
정보: Initializing ProtocolHandler ["ajp-apr-8009"]
2014. 1. 22 오후 2:23:28 org.apache.catalina.startup.Catalina load
정보: Initialization processed in 13287 ms
2014. 1. 22 오후 2:23:28 org.apache.catalina.core.StandardService startInternal
정보: Starting service Catalina
2014. 1. 22 오후 2:23:28 org.apache.catalina.core.StandardEngine startInternal
정보: Starting Servlet Engine: Apache Tomcat/7.0.8
2014. 1. 22 오후 2:23:28 org.apache.catalina.startup.HostConfig deployWAR
정보: Deploying web application archive nipa.build.admin.console.war
2014. 1. 22 오후 2:23:43 org.apache.cxf.bus.spring.OldSpringSupport logWarning
경고: Import of META-INF/cxf/cxf-extension-soap.xml has been deprecated and is unnecessary.
2014. 1. 22 오후 2:23:43 org.apache.cxf.service.factory.ReflectionServiceFactoryBean buildServiceFromClass
정보: Creating Service {http://ajuit.service.kic.com/}AjuItServiceService from class com.kic.service.ajuit.AjuItService
2014. 1. 22 오후 2:23:45 org.apache.cxf.service.factory.ReflectionServiceFactoryBean buildServiceFromClass
정보: Creating Service {http://buildmanage.service.kic.com/}BuildManageServiceService from class com.kic.service.buildmanage.BuildManageService
2014. 1. 22 오후 2:23:45 org.apache.cxf.service.factory.ReflectionServiceFactoryBean buildServiceFromClass
정보: Creating Service {http://projects.service.kic.com/}ProjectsServiceService from class com.kic.service.projects.ProjectsService
2014. 1. 22 오후 2:23:45 org.apache.cxf.service.factory.ReflectionServiceFactoryBean buildServiceFromClass
정보: Creating Service {http://agent.service.kic.com/}AgentServiceService from class com.kic.service.agent.AgentService
2014. 1. 22 오후 2:23:45 org.apache.cxf.service.factory.ReflectionServiceFactoryBean buildServiceFromClass
정보: Creating Service {http://agentgroup.service.kic.com/}AgentGroupServiceService from class com.kic.service.agentgroup.AgentGroupService
2014. 1. 22 오후 2:23:45 org.apache.cxf.service.factory.ReflectionServiceFactoryBean buildServiceFromClass
정보: Creating Service {http://usergroup.service.kic.com/}UserGroupServiceService from class com.kic.service.usergroup.UserGroupService
2014. 1. 22 오후 2:23:45 org.apache.cxf.service.factory.ReflectionServiceFactoryBean buildServiceFromClass
정보: Creating Service {http://envgroup.service.kic.com/}EnvGroupServiceService from class com.kic.service.envgroup.EnvGroupService
2014. 1. 22 오후 2:23:46 org.apache.cxf.service.factory.ReflectionServiceFactoryBean buildServiceFromClass
정보: Creating Service {http://step.service.kic.com/}StepServiceService from class com.kic.service.step.StepService
2014. 1. 22 오후 2:23:46 org.apache.cxf.service.factory.ReflectionServiceFactoryBean buildServiceFromClass
정보: Creating Service {http://filtergroup.service.kic.com/}FilterGroupServiceService from class com.kic.service.filtergroup.FilterGroupService
2014. 1. 22 오후 2:23:46 org.apache.cxf.service.factory.ReflectionServiceFactoryBean buildServiceFromClass
정보: Creating Service {http://env.service.kic.com/}EnvServiceService from class com.kic.service.env.EnvService
2014. 1. 22 오후 2:23:46 org.apache.cxf.service.factory.ReflectionServiceFactoryBean buildServiceFromClass
정보: Creating Service {http://authentication.service.kic.com/}UserLoginServiceService from class com.kic.service.authentication.UserLoginService
2014. 1. 22 오후 2:23:46 org.apache.cxf.service.factory.ReflectionServiceFactoryBean buildServiceFromClass
정보: Creating Service {http://mailtemp.service.kic.com/}MailtempServiceService from class com.kic.service.mailtemp.MailtempService
2014. 1. 22 오후 2:23:46 org.apache.cxf.service.factory.ReflectionServiceFactoryBean buildServiceFromClass
정보: Creating Service {http://adapter.service.kic.com/}AdapterServiceService from class com.kic.service.adapter.AdapterService
2014. 1. 22 오후 2:23:46 org.apache.cxf.service.factory.ReflectionServiceFactoryBean buildServiceFromClass
정보: Creating Service {http://users.service.kic.com/}UsersServiceService from class com.kic.service.users.UsersService
2014. 1. 22 오후 2:23:46 org.apache.cxf.service.factory.ReflectionServiceFactoryBean buildServiceFromClass
정보: Creating Service {http://sysconfig.service.kic.com/}SysConfigServiceService from class com.kic.service.sysconfig.SysConfigService
2014. 1. 22 오후 2:23:46 org.apache.cxf.service.factory.ReflectionServiceFactoryBean buildServiceFromClass
정보: Creating Service {http://projectresult.service.kic.com/}ProjectResultServiceService from class com.kic.service.projectresult.ProjectResultService
2014. 1. 22 오후 2:23:46 org.apache.cxf.service.factory.ReflectionServiceFactoryBean buildServiceFromClass
정보: Creating Service {http://stepresult.service.kic.com/}StepResultServiceService from class com.kic.service.stepresult.StepResultService
2014. 1. 22 오후 2:23:46 org.apache.cxf.service.factory.ReflectionServiceFactoryBean buildServiceFromClass
정보: Creating Service {http://stepdetail.service.kic.com/}StepDetailServiceService from class com.kic.service.stepdetail.StepDetailService
2014. 1. 22 오후 2:23:47 org.apache.cxf.service.factory.ReflectionServiceFactoryBean buildServiceFromClass
정보: Creating Service {http://projresarchive.service.kic.com/}ProjResArchiveServiceService from class com.kic.service.projresarchive.ProjResArchiveService
2014. 1. 22 오후 2:23:47 org.apache.cxf.service.factory.ReflectionServiceFactoryBean buildServiceFromClass
정보: Creating Service {http://stepresarchive.service.kic.com/}StepResArchiveServiceService from class com.kic.service.stepresarchive.StepResArchiveService
2014. 1. 22 오후 2:23:47 org.apache.cxf.service.factory.ReflectionServiceFactoryBean buildServiceFromClass
정보: Creating Service {http://functionauth.service.kic.com/}FunctionAuthServiceService from class com.kic.service.functionauth.FunctionAuthService
2014. 1. 22 오후 2:23:47 org.apache.cxf.service.factory.ReflectionServiceFactoryBean buildServiceFromClass
정보: Creating Service {http://filter.service.kic.com/}FilterServiceService from class com.kic.service.filter.FilterService
2014. 1. 22 오후 2:23:47 org.apache.cxf.service.factory.ReflectionServiceFactoryBean buildServiceFromClass
정보: Creating Service {http://countusetable.service.kic.com/}CountUseTableServiceService from class com.kic.service.countusetable.CountUseTableService
2014. 1. 22 오후 2:23:47 org.apache.cxf.service.factory.ReflectionServiceFactoryBean buildServiceFromClass
정보: Creating Service {http://schedule.service.kic.com/}ScheduleServiceService from class com.kic.service.schedule.ScheduleService
2014. 1. 22 오후 2:23:47 org.apache.catalina.startup.HostConfig deployWAR
정보: Deploying web application archive nipa.build.engine.war
2014. 1. 22 오후 2:24:00 org.apache.cxf.bus.spring.OldSpringSupport logWarning
경고: Import of META-INF/cxf/cxf-extension-soap.xml has been deprecated and is unnecessary.
2014. 1. 22 오후 2:24:00 org.apache.cxf.service.factory.ReflectionServiceFactoryBean buildServiceFromClass
정보: Creating Service {http://impl.usergroup.service.kic.com/}UserGroupServiceImplService from class com.kic.service.usergroup.UserGroupService
2014. 1. 22 오후 2:24:01 org.apache.cxf.endpoint.ServerImpl initDestination
정보: Setting the server's publish address to be /usergroupService
2014. 1. 22 오후 2:24:01 org.apache.cxf.service.factory.ReflectionServiceFactoryBean buildServiceFromClass
정보: Creating Service {http://impl.users.service.kic.com/}UsersServiceImplService from class com.kic.service.users.UsersService
2014. 1. 22 오후 2:24:01 org.apache.cxf.endpoint.ServerImpl initDestination
정보: Setting the server's publish address to be /usersService
2014. 1. 22 오후 2:24:01 org.apache.cxf.service.factory.ReflectionServiceFactoryBean buildServiceFromClass
정보: Creating Service {http://impl.functionauth.service.kic.com/}FunctionAuthServiceImplService from class com.kic.service.functionauth.FunctionAuthService
2014. 1. 22 오후 2:24:02 org.apache.cxf.endpoint.ServerImpl initDestination
정보: Setting the server's publish address to be /functionauthService
2014. 1. 22 오후 2:24:02 org.apache.cxf.service.factory.ReflectionServiceFactoryBean buildServiceFromClass
정보: Creating Service {http://impl.agent.service.kic.com/}AgentServiceImplService from class com.kic.service.agent.AgentService
2014. 1. 22 오후 2:24:02 org.apache.cxf.endpoint.ServerImpl initDestination
정보: Setting the server's publish address to be /agentService
2014. 1. 22 오후 2:24:02 org.apache.cxf.service.factory.ReflectionServiceFactoryBean buildServiceFromClass
정보: Creating Service {http://impl.agentgroup.service.kic.com/}AgentGroupServiceImplService from class com.kic.service.agentgroup.AgentGroupService
2014. 1. 22 오후 2:24:02 org.apache.cxf.endpoint.ServerImpl initDestination
정보: Setting the server's publish address to be /agentGroupService
2014. 1. 22 오후 2:24:02 org.apache.cxf.service.factory.ReflectionServiceFactoryBean buildServiceFromClass
정보: Creating Service {http://impl.auth.service.kic.com/}AuthServiceImplService from class com.kic.service.auth.AuthService
2014. 1. 22 오후 2:24:02 org.apache.cxf.endpoint.ServerImpl initDestination
정보: Setting the server's publish address to be /authService
2014. 1. 22 오후 2:24:02 org.apache.cxf.service.factory.ReflectionServiceFactoryBean buildServiceFromClass
정보: Creating Service {http://impl.projects.service.kic.com/}ProjectsServiceImplService from class com.kic.service.projects.ProjectsService
2014. 1. 22 오후 2:24:02 org.apache.cxf.endpoint.ServerImpl initDestination
정보: Setting the server's publish address to be /projectsService
2014. 1. 22 오후 2:24:02 org.apache.cxf.service.factory.ReflectionServiceFactoryBean buildServiceFromClass
정보: Creating Service {http://impl.mailtemp.service.kic.com/}MailtempServiceImplService from class com.kic.service.mailtemp.MailtempService
2014. 1. 22 오후 2:24:02 org.apache.cxf.endpoint.ServerImpl initDestination
정보: Setting the server's publish address to be /mailtempService
2014. 1. 22 오후 2:24:02 org.apache.cxf.service.factory.ReflectionServiceFactoryBean buildServiceFromClass
정보: Creating Service {http://impl.step.service.kic.com/}StepServiceImplService from class com.kic.service.step.StepService
2014. 1. 22 오후 2:24:02 org.apache.cxf.endpoint.ServerImpl initDestination
정보: Setting the server's publish address to be /stepService
2014. 1. 22 오후 2:24:02 org.apache.cxf.service.factory.ReflectionServiceFactoryBean buildServiceFromClass
정보: Creating Service {http://impl.code.service.kic.com/}CodeServiceImplService from class com.kic.service.code.CodeService
2014. 1. 22 오후 2:24:02 org.apache.cxf.endpoint.ServerImpl initDestination
정보: Setting the server's publish address to be /codeService
2014. 1. 22 오후 2:24:02 org.apache.cxf.service.factory.ReflectionServiceFactoryBean buildServiceFromClass
정보: Creating Service {http://impl.stepdetail.service.kic.com/}StepDetailServiceImplService from class com.kic.service.stepdetail.StepDetailService
2014. 1. 22 오후 2:24:02 org.apache.cxf.endpoint.ServerImpl initDestination
정보: Setting the server's publish address to be /stepDetailService
2014. 1. 22 오후 2:24:02 org.apache.cxf.service.factory.ReflectionServiceFactoryBean buildServiceFromClass
정보: Creating Service {http://impl.projectresult.service.kic.com/}ProjectResultServiceImplService from class com.kic.service.projectresult.ProjectResultService
2014. 1. 22 오후 2:24:02 org.apache.cxf.endpoint.ServerImpl initDestination
정보: Setting the server's publish address to be /projectResultService
2014. 1. 22 오후 2:24:02 org.apache.cxf.service.factory.ReflectionServiceFactoryBean buildServiceFromClass
정보: Creating Service {http://impl.stepresult.service.kic.com/}StepResultServiceImplService from class com.kic.service.stepresult.StepResultService
2014. 1. 22 오후 2:24:02 org.apache.cxf.endpoint.ServerImpl initDestination
정보: Setting the server's publish address to be /stepResultService
2014. 1. 22 오후 2:24:02 org.apache.cxf.service.factory.ReflectionServiceFactoryBean buildServiceFromClass
정보: Creating Service {http://impl.projresarchive.service.kic.com/}ProjResArchiveServiceImplService from class com.kic.service.projresarchive.ProjResArchiveService
2014. 1. 22 오후 2:24:02 org.apache.cxf.endpoint.ServerImpl initDestination
정보: Setting the server's publish address to be /projResArchiveService
2014. 1. 22 오후 2:24:02 org.apache.cxf.service.factory.ReflectionServiceFactoryBean buildServiceFromClass
정보: Creating Service {http://impl.stepresarchive.service.kic.com/}StepResArchiveServiceImplService from class com.kic.service.stepresarchive.StepResArchiveService
2014. 1. 22 오후 2:24:02 org.apache.cxf.endpoint.ServerImpl initDestination
정보: Setting the server's publish address to be /stepResArchiveService
2014. 1. 22 오후 2:24:02 org.apache.cxf.service.factory.ReflectionServiceFactoryBean buildServiceFromClass
정보: Creating Service {http://impl.envgroup.service.kic.com/}EnvGroupServiceImplService from class com.kic.service.envgroup.EnvGroupService
2014. 1. 22 오후 2:24:03 org.apache.cxf.endpoint.ServerImpl initDestination
정보: Setting the server's publish address to be /envGroupService
2014. 1. 22 오후 2:24:03 org.apache.cxf.service.factory.ReflectionServiceFactoryBean buildServiceFromClass
정보: Creating Service {http://impl.adapter.service.kic.com/}AdapterServiceImplService from class com.kic.service.adapter.AdapterService
2014. 1. 22 오후 2:24:03 org.apache.cxf.endpoint.ServerImpl initDestination
정보: Setting the server's publish address to be /adapterService
2014. 1. 22 오후 2:24:03 org.apache.cxf.service.factory.ReflectionServiceFactoryBean buildServiceFromClass
정보: Creating Service {http://impl.env.service.kic.com/}EnvServiceImplService from class com.kic.service.env.EnvService
2014. 1. 22 오후 2:24:03 org.apache.cxf.endpoint.ServerImpl initDestination
정보: Setting the server's publish address to be /envService
2014. 1. 22 오후 2:24:03 org.apache.cxf.service.factory.ReflectionServiceFactoryBean buildServiceFromClass
정보: Creating Service {http://impl.schedule.service.kic.com/}ScheduleServiceImplService from class com.kic.service.schedule.ScheduleService
2014. 1. 22 오후 2:24:03 org.apache.cxf.endpoint.ServerImpl initDestination
정보: Setting the server's publish address to be /scheduleService
2014. 1. 22 오후 2:24:03 org.apache.cxf.service.factory.ReflectionServiceFactoryBean buildServiceFromClass
정보: Creating Service {http://impl.filtergroup.service.kic.com/}FilterGroupServiceImplService from class com.kic.service.filtergroup.FilterGroupService
2014. 1. 22 오후 2:24:03 org.apache.cxf.endpoint.ServerImpl initDestination
정보: Setting the server's publish address to be /filterGroupService
2014. 1. 22 오후 2:24:03 org.apache.cxf.service.factory.ReflectionServiceFactoryBean buildServiceFromClass
정보: Creating Service {http://impl.filter.service.kic.com/}FilterServiceImplService from class com.kic.service.filter.FilterService
2014. 1. 22 오후 2:24:03 org.apache.cxf.endpoint.ServerImpl initDestination
정보: Setting the server's publish address to be /filterService
2014. 1. 22 오후 2:24:03 org.apache.cxf.service.factory.ReflectionServiceFactoryBean buildServiceFromClass
정보: Creating Service {http://impl.authentication.service.kic.com/}UserLoginServiceImplService from class com.kic.service.authentication.UserLoginService
2014. 1. 22 오후 2:24:03 org.apache.cxf.endpoint.ServerImpl initDestination
정보: Setting the server's publish address to be /userLoginService
2014. 1. 22 오후 2:24:03 org.apache.cxf.service.factory.ReflectionServiceFactoryBean buildServiceFromClass
정보: Creating Service {http://impl.sysenv.service.kic.com/}SysEnvServiceImplService from class com.kic.service.sysenv.SysEnvService
2014. 1. 22 오후 2:24:03 org.apache.cxf.endpoint.ServerImpl initDestination
정보: Setting the server's publish address to be /sysEnvService
2014. 1. 22 오후 2:24:03 org.apache.cxf.service.factory.ReflectionServiceFactoryBean buildServiceFromClass
정보: Creating Service {http://impl.sysconfig.service.kic.com/}SysConfigServiceImplService from class com.kic.service.sysconfig.SysConfigService
2014. 1. 22 오후 2:24:03 org.apache.cxf.endpoint.ServerImpl initDestination
정보: Setting the server's publish address to be /sysConfigService
2014. 1. 22 오후 2:24:03 org.apache.cxf.service.factory.ReflectionServiceFactoryBean buildServiceFromClass
정보: Creating Service {http://impl.countusetable.service.kic.com/}CountUseTableServiceImplService from class com.kic.service.countusetable.CountUseTableService
2014. 1. 22 오후 2:24:03 org.apache.cxf.endpoint.ServerImpl initDestination
정보: Setting the server's publish address to be /countUseTableService
2014. 1. 22 오후 2:24:14 org.apache.cxf.service.factory.ReflectionServiceFactoryBean buildServiceFromClass
정보: Creating Service {http://impl.buildmanage.service.kic.com/}BuildManageServiceImplService from class com.kic.service.buildmanage.BuildManageService
2014. 1. 22 오후 2:24:14 org.apache.cxf.endpoint.ServerImpl initDestination
정보: Setting the server's publish address to be /buildManageService
2014. 1. 22 오후 2:24:14 org.apache.cxf.service.factory.ReflectionServiceFactoryBean buildServiceFromClass
정보: Creating Service {http://impl.ajuit.service.kic.com/}AjuItServiceImplService from class com.kic.service.ajuit.AjuItService
2014. 1. 22 오후 2:24:14 org.apache.cxf.endpoint.ServerImpl initDestination
정보: Setting the server's publish address to be /ajuItService
2014. 1. 22 오후 2:24:14 org.apache.catalina.startup.HostConfig deployDirectory
정보: Deploying web application directory docs
2014. 1. 22 오후 2:24:14 org.apache.catalina.startup.HostConfig deployDirectory
정보: Deploying web application directory examples
2014. 1. 22 오후 2:24:14 org.apache.catalina.startup.HostConfig deployDirectory
정보: Deploying web application directory host-manager
2014. 1. 22 오후 2:24:14 org.apache.catalina.startup.HostConfig deployDirectory
정보: Deploying web application directory interface
2014. 1. 22 오후 2:24:15 org.apache.catalina.startup.HostConfig deployDirectory
정보: Deploying web application directory manager
2014. 1. 22 오후 2:24:15 org.apache.catalina.startup.HostConfig deployDirectory
정보: Deploying web application directory ROOT
2014. 1. 22 오후 2:24:15 org.apache.coyote.AbstractProtocolHandler start
정보: Starting ProtocolHandler ["http-apr-8080"]
2014. 1. 22 오후 2:24:15 org.apache.coyote.AbstractProtocolHandler start
정보: Starting ProtocolHandler ["ajp-apr-8009"]
2014. 1. 22 오후 2:24:15 org.apache.catalina.startup.Catalina start
정보: Server startup in 47234 ms
2014. 1. 22 오후 6:13:34 org.apache.coyote.AbstractProtocolHandler pause
정보: Pausing ProtocolHandler ["http-apr-8080"]
2014. 1. 22 오후 6:13:35 org.apache.coyote.AbstractProtocolHandler pause
정보: Pausing ProtocolHandler ["ajp-apr-8009"]
2014. 1. 22 오후 6:13:36 org.apache.catalina.core.StandardService stopInternal
정보: Stopping service Catalina
2014. 1. 22 오후 6:13:38 org.apache.catalina.loader.WebappClassLoader clearReferencesJdbc
심각: The web application [/nipa.build.engine] registered the JDBC driver [com.ibm.db2.jcc.DB2Driver] but failed to unregister it when the web application was stopped. To prevent a memory leak, the JDBC Driver has been forcibly unregistered.
2014. 1. 22 오후 6:13:38 org.apache.catalina.loader.WebappClassLoader clearReferencesThreads
심각: The web application [/nipa.build.engine] appears to have started a thread named [Timer-0] but has failed to stop it. This is very likely to create a memory leak.
2014. 1. 22 오후 6:13:38 org.apache.catalina.loader.WebappClassLoader clearReferencesThreads
심각: The web application [/nipa.build.engine] appears to have started a thread named [Thread-5] but has failed to stop it. This is very likely to create a memory leak.
2014. 1. 22 오후 6:13:38 org.apache.catalina.loader.WebappClassLoader clearReferencesThreads
심각: The web application [/nipa.build.engine] appears to have started a thread named [DefaultQuartzScheduler_Worker-1] but has failed to stop it. This is very likely to create a memory leak.
2014. 1. 22 오후 6:13:38 org.apache.catalina.loader.WebappClassLoader clearReferencesThreads
심각: The web application [/nipa.build.engine] appears to have started a thread named [DefaultQuartzScheduler_Worker-2] but has failed to stop it. This is very likely to create a memory leak.
2014. 1. 22 오후 6:13:38 org.apache.catalina.loader.WebappClassLoader clearReferencesThreads
심각: The web application [/nipa.build.engine] appears to have started a thread named [DefaultQuartzScheduler_Worker-3] but has failed to stop it. This is very likely to create a memory leak.
2014. 1. 22 오후 6:13:38 org.apache.catalina.loader.WebappClassLoader clearReferencesThreads
심각: The web application [/nipa.build.engine] appears to have started a thread named [DefaultQuartzScheduler_Worker-4] but has failed to stop it. This is very likely to create a memory leak.
2014. 1. 22 오후 6:13:38 org.apache.catalina.loader.WebappClassLoader clearReferencesThreads
심각: The web application [/nipa.build.engine] appears to have started a thread named [DefaultQuartzScheduler_Worker-5] but has failed to stop it. This is very likely to create a memory leak.
2014. 1. 22 오후 6:13:38 org.apache.catalina.loader.WebappClassLoader clearReferencesThreads
심각: The web application [/nipa.build.engine] appears to have started a thread named [DefaultQuartzScheduler_Worker-6] but has failed to stop it. This is very likely to create a memory leak.
2014. 1. 22 오후 6:13:38 org.apache.catalina.loader.WebappClassLoader clearReferencesThreads
심각: The web application [/nipa.build.engine] appears to have started a thread named [DefaultQuartzScheduler_Worker-7] but has failed to stop it. This is very likely to create a memory leak.
2014. 1. 22 오후 6:13:38 org.apache.catalina.loader.WebappClassLoader clearReferencesThreads
심각: The web application [/nipa.build.engine] appears to have started a thread named [DefaultQuartzScheduler_Worker-8] but has failed to stop it. This is very likely to create a memory leak.
2014. 1. 22 오후 6:13:38 org.apache.catalina.loader.WebappClassLoader clearReferencesThreads
심각: The web application [/nipa.build.engine] appears to have started a thread named [DefaultQuartzScheduler_Worker-9] but has failed to stop it. This is very likely to create a memory leak.
2014. 1. 22 오후 6:13:38 org.apache.catalina.loader.WebappClassLoader clearReferencesThreads
심각: The web application [/nipa.build.engine] appears to have started a thread named [DefaultQuartzScheduler_Worker-10] but has failed to stop it. This is very likely to create a memory leak.
2014. 1. 22 오후 6:13:38 org.apache.catalina.loader.WebappClassLoader clearReferencesThreads
심각: The web application [/nipa.build.engine] appears to have started a thread named [DefaultQuartzScheduler_QuartzSchedulerThread] but has failed to stop it. This is very likely to create a memory leak.
2014. 1. 22 오후 6:13:41 org.apache.coyote.AbstractProtocolHandler stop
정보: Stopping ProtocolHandler ["http-apr-8080"]
2014. 1. 22 오후 6:13:42 org.apache.coyote.AbstractProtocolHandler stop
정보: Stopping ProtocolHandler ["ajp-apr-8009"]
